mode: set
github.com/LeonLow97/internal/auth/repo.go:19.41,23.2 1 1
github.com/LeonLow97/internal/auth/repo.go:25.83,40.16 5 1
github.com/LeonLow97/internal/auth/repo.go:46.2,46.19 1 1
github.com/LeonLow97/internal/auth/repo.go:40.16,41.27 1 1
github.com/LeonLow97/internal/auth/repo.go:44.3,44.98 1 1
github.com/LeonLow97/internal/auth/repo.go:41.27,43.4 1 1
github.com/LeonLow97/internal/auth/service.go:18.42,22.2 1 1
github.com/LeonLow97/internal/auth/service.go:24.89,27.16 2 1
github.com/LeonLow97/internal/auth/service.go:33.2,34.16 2 1
github.com/LeonLow97/internal/auth/service.go:38.2,38.20 1 1
github.com/LeonLow97/internal/auth/service.go:43.2,43.22 1 1
github.com/LeonLow97/internal/auth/service.go:48.2,49.16 2 1
github.com/LeonLow97/internal/auth/service.go:53.2,53.25 1 1
github.com/LeonLow97/internal/auth/service.go:27.16,30.3 2 1
github.com/LeonLow97/internal/auth/service.go:34.16,37.3 2 0
github.com/LeonLow97/internal/auth/service.go:38.20,40.3 1 1
github.com/LeonLow97/internal/auth/service.go:43.22,45.3 1 1
github.com/LeonLow97/internal/auth/service.go:49.16,51.3 1 0
github.com/LeonLow97/internal/auth/handlers.go:14.54,18.2 1 1
github.com/LeonLow97/internal/auth/handlers.go:22.68,26.16 3 1
github.com/LeonLow97/internal/auth/handlers.go:33.2,34.16 2 1
github.com/LeonLow97/internal/auth/handlers.go:40.2,41.75 2 1
github.com/LeonLow97/internal/auth/handlers.go:26.16,30.3 3 1
github.com/LeonLow97/internal/auth/handlers.go:34.16,38.3 3 1
github.com/LeonLow97/internal/auth/helpers.go:21.91,32.21 8 1
github.com/LeonLow97/internal/auth/helpers.go:37.2,41.16 3 1
github.com/LeonLow97/internal/auth/helpers.go:46.2,54.16 6 1
github.com/LeonLow97/internal/auth/helpers.go:58.2,63.21 2 1
github.com/LeonLow97/internal/auth/helpers.go:32.21,34.3 1 1
github.com/LeonLow97/internal/auth/helpers.go:41.16,43.3 1 0
github.com/LeonLow97/internal/auth/helpers.go:54.16,56.3 1 0
github.com/LeonLow97/internal/auth/helpers.go:69.71,72.16 2 1
github.com/LeonLow97/internal/auth/helpers.go:82.2,82.18 1 1
github.com/LeonLow97/internal/auth/helpers.go:72.16,73.10 1 1
github.com/LeonLow97/internal/auth/helpers.go:74.60,76.21 1 1
github.com/LeonLow97/internal/auth/helpers.go:77.11,78.65 1 1
github.com/LeonLow97/internal/auth/helpers.go:85.50,88.35 2 0
github.com/LeonLow97/internal/auth/helpers.go:93.2,94.57 2 0
github.com/LeonLow97/internal/auth/helpers.go:99.2,100.86 2 0
github.com/LeonLow97/internal/auth/helpers.go:103.2,103.38 1 0
github.com/LeonLow97/internal/auth/helpers.go:107.2,111.44 3 0
github.com/LeonLow97/internal/auth/helpers.go:118.2,122.9 3 0
github.com/LeonLow97/internal/auth/helpers.go:126.2,126.29 1 0
github.com/LeonLow97/internal/auth/helpers.go:88.35,90.3 1 0
github.com/LeonLow97/internal/auth/helpers.go:94.57,96.3 1 0
github.com/LeonLow97/internal/auth/helpers.go:100.86,102.3 1 0
github.com/LeonLow97/internal/auth/helpers.go:103.38,105.3 1 0
github.com/LeonLow97/internal/auth/helpers.go:111.44,113.3 1 0
github.com/LeonLow97/internal/auth/helpers.go:122.9,124.3 1 0
