mode: set
github.com/LeonLow97/internal/transactions/handlers.go:18.68,22.2 1 1
github.com/LeonLow97/internal/transactions/handlers.go:31.85,41.16 5 1
github.com/LeonLow97/internal/transactions/handlers.go:47.2,48.16 2 1
github.com/LeonLow97/internal/transactions/handlers.go:54.2,55.16 2 1
github.com/LeonLow97/internal/transactions/handlers.go:61.2,61.132 1 1
github.com/LeonLow97/internal/transactions/handlers.go:41.16,45.3 3 1
github.com/LeonLow97/internal/transactions/handlers.go:48.16,52.3 3 1
github.com/LeonLow97/internal/transactions/handlers.go:55.16,59.3 3 1
github.com/LeonLow97/internal/transactions/handlers.go:64.98,66.16 2 0
github.com/LeonLow97/internal/transactions/handlers.go:71.2,74.16 4 0
github.com/LeonLow97/internal/transactions/handlers.go:81.2,86.16 5 0
github.com/LeonLow97/internal/transactions/handlers.go:98.2,98.39 1 0
github.com/LeonLow97/internal/transactions/handlers.go:104.2,105.40 2 0
github.com/LeonLow97/internal/transactions/handlers.go:66.16,69.3 2 0
github.com/LeonLow97/internal/transactions/handlers.go:74.16,78.3 3 0
github.com/LeonLow97/internal/transactions/handlers.go:86.16,87.44 1 0
github.com/LeonLow97/internal/transactions/handlers.go:93.3,95.9 3 0
github.com/LeonLow97/internal/transactions/handlers.go:87.44,92.4 4 0
github.com/LeonLow97/internal/transactions/handlers.go:98.39,102.3 3 0
github.com/LeonLow97/internal/transactions/repo.go:32.41,36.2 1 1
github.com/LeonLow97/internal/transactions/repo.go:38.86,44.80 4 0
github.com/LeonLow97/internal/transactions/repo.go:47.2,47.19 1 0
github.com/LeonLow97/internal/transactions/repo.go:44.80,46.3 1 0
github.com/LeonLow97/internal/transactions/repo.go:50.125,58.99 4 0
github.com/LeonLow97/internal/transactions/repo.go:61.2,61.19 1 0
github.com/LeonLow97/internal/transactions/repo.go:58.99,60.3 1 0
github.com/LeonLow97/internal/transactions/repo.go:64.139,70.106 4 0
github.com/LeonLow97/internal/transactions/repo.go:73.2,73.19 1 0
github.com/LeonLow97/internal/transactions/repo.go:70.106,72.3 1 0
github.com/LeonLow97/internal/transactions/repo.go:76.110,82.92 4 0
github.com/LeonLow97/internal/transactions/repo.go:85.2,85.29 1 0
github.com/LeonLow97/internal/transactions/repo.go:82.92,84.3 1 0
github.com/LeonLow97/internal/transactions/repo.go:88.116,94.92 4 0
github.com/LeonLow97/internal/transactions/repo.go:97.2,97.29 1 0
github.com/LeonLow97/internal/transactions/repo.go:94.92,96.3 1 0
github.com/LeonLow97/internal/transactions/repo.go:100.96,107.86 4 0
github.com/LeonLow97/internal/transactions/repo.go:110.2,110.33 1 0
github.com/LeonLow97/internal/transactions/repo.go:107.86,109.3 1 0
github.com/LeonLow97/internal/transactions/repo.go:113.234,115.16 2 0
github.com/LeonLow97/internal/transactions/repo.go:119.2,119.15 1 0
github.com/LeonLow97/internal/transactions/repo.go:130.2,151.118 8 0
github.com/LeonLow97/internal/transactions/repo.go:155.2,156.26 2 0
github.com/LeonLow97/internal/transactions/repo.go:159.2,159.39 1 0
github.com/LeonLow97/internal/transactions/repo.go:163.2,166.130 2 0
github.com/LeonLow97/internal/transactions/repo.go:170.2,173.101 3 0
github.com/LeonLow97/internal/transactions/repo.go:177.2,177.113 1 0
github.com/LeonLow97/internal/transactions/repo.go:181.2,181.244 1 0
github.com/LeonLow97/internal/transactions/repo.go:185.2,185.248 1 0
github.com/LeonLow97/internal/transactions/repo.go:189.2,189.12 1 0
github.com/LeonLow97/internal/transactions/repo.go:115.16,117.3 1 0
github.com/LeonLow97/internal/transactions/repo.go:119.15,120.17 1 0
github.com/LeonLow97/internal/transactions/repo.go:124.3,125.17 2 0
github.com/LeonLow97/internal/transactions/repo.go:120.17,123.4 2 0
github.com/LeonLow97/internal/transactions/repo.go:125.17,127.4 1 0
github.com/LeonLow97/internal/transactions/repo.go:151.118,153.3 1 0
github.com/LeonLow97/internal/transactions/repo.go:156.26,158.3 1 0
github.com/LeonLow97/internal/transactions/repo.go:159.39,161.3 1 0
github.com/LeonLow97/internal/transactions/repo.go:166.130,168.3 1 0
github.com/LeonLow97/internal/transactions/repo.go:173.101,175.3 1 0
github.com/LeonLow97/internal/transactions/repo.go:177.113,179.3 1 0
github.com/LeonLow97/internal/transactions/repo.go:181.244,183.3 1 0
github.com/LeonLow97/internal/transactions/repo.go:185.248,187.3 1 0
github.com/LeonLow97/internal/transactions/repo.go:192.79,197.78 3 1
github.com/LeonLow97/internal/transactions/repo.go:201.2,201.19 1 1
github.com/LeonLow97/internal/transactions/repo.go:197.78,199.3 1 1
github.com/LeonLow97/internal/transactions/repo.go:205.102,232.16 4 0
github.com/LeonLow97/internal/transactions/repo.go:235.2,237.18 2 0
github.com/LeonLow97/internal/transactions/repo.go:260.2,260.34 1 0
github.com/LeonLow97/internal/transactions/repo.go:264.2,264.27 1 0
github.com/LeonLow97/internal/transactions/repo.go:232.16,234.3 1 0
github.com/LeonLow97/internal/transactions/repo.go:237.18,253.17 2 0
github.com/LeonLow97/internal/transactions/repo.go:257.3,257.77 1 0
github.com/LeonLow97/internal/transactions/repo.go:253.17,255.4 1 0
github.com/LeonLow97/internal/transactions/repo.go:260.34,262.3 1 0
github.com/LeonLow97/internal/transactions/service.go:32.42,36.2 1 0
github.com/LeonLow97/internal/transactions/service.go:39.118,41.14 1 0
github.com/LeonLow97/internal/transactions/service.go:45.2,49.16 3 0
github.com/LeonLow97/internal/transactions/service.go:53.2,56.16 3 0
github.com/LeonLow97/internal/transactions/service.go:61.2,62.16 2 0
github.com/LeonLow97/internal/transactions/service.go:67.2,67.60 1 0
github.com/LeonLow97/internal/transactions/service.go:71.2,71.50 1 0
github.com/LeonLow97/internal/transactions/service.go:41.14,43.3 1 0
github.com/LeonLow97/internal/transactions/service.go:49.16,51.3 1 0
github.com/LeonLow97/internal/transactions/service.go:56.16,59.3 1 0
github.com/LeonLow97/internal/transactions/service.go:62.16,64.3 1 0
github.com/LeonLow97/internal/transactions/service.go:67.60,69.3 1 0
github.com/LeonLow97/internal/transactions/service.go:74.171,76.16 2 0
github.com/LeonLow97/internal/transactions/service.go:79.2,79.28 1 0
github.com/LeonLow97/internal/transactions/service.go:82.2,82.28 1 0
github.com/LeonLow97/internal/transactions/service.go:85.2,85.31 1 0
github.com/LeonLow97/internal/transactions/service.go:88.2,89.16 2 0
github.com/LeonLow97/internal/transactions/service.go:92.2,100.16 6 0
github.com/LeonLow97/internal/transactions/service.go:103.2,103.16 1 0
github.com/LeonLow97/internal/transactions/service.go:106.2,106.15 1 0
github.com/LeonLow97/internal/transactions/service.go:113.2,114.16 2 0
github.com/LeonLow97/internal/transactions/service.go:117.2,117.16 1 0
github.com/LeonLow97/internal/transactions/service.go:122.2,123.16 2 0
github.com/LeonLow97/internal/transactions/service.go:126.2,126.16 1 0
github.com/LeonLow97/internal/transactions/service.go:141.2,141.15 1 0
github.com/LeonLow97/internal/transactions/service.go:146.2,147.16 2 0
github.com/LeonLow97/internal/transactions/service.go:152.2,180.16 3 0
github.com/LeonLow97/internal/transactions/service.go:184.2,184.12 1 0
github.com/LeonLow97/internal/transactions/service.go:76.16,78.3 1 0
github.com/LeonLow97/internal/transactions/service.go:79.28,81.3 1 0
github.com/LeonLow97/internal/transactions/service.go:82.28,84.3 1 0
github.com/LeonLow97/internal/transactions/service.go:85.31,87.3 1 0
github.com/LeonLow97/internal/transactions/service.go:89.16,91.3 1 0
github.com/LeonLow97/internal/transactions/service.go:100.16,102.3 1 0
github.com/LeonLow97/internal/transactions/service.go:103.16,105.3 1 0
github.com/LeonLow97/internal/transactions/service.go:106.15,108.3 1 0
github.com/LeonLow97/internal/transactions/service.go:114.16,116.3 1 0
github.com/LeonLow97/internal/transactions/service.go:117.16,119.3 1 0
github.com/LeonLow97/internal/transactions/service.go:123.16,125.3 1 0
github.com/LeonLow97/internal/transactions/service.go:126.16,130.17 2 0
github.com/LeonLow97/internal/transactions/service.go:133.3,133.24 1 0
github.com/LeonLow97/internal/transactions/service.go:137.3,139.13 2 0
github.com/LeonLow97/internal/transactions/service.go:130.17,132.4 1 0
github.com/LeonLow97/internal/transactions/service.go:133.24,135.4 1 0
github.com/LeonLow97/internal/transactions/service.go:141.15,143.3 1 0
github.com/LeonLow97/internal/transactions/service.go:147.16,149.3 1 0
github.com/LeonLow97/internal/transactions/service.go:180.16,182.3 1 0
