mode: set
github.com/LeonLow97/internal/transactions/repo.go:35.41,39.2 1 1
github.com/LeonLow97/internal/transactions/repo.go:41.33,43.2 1 1
github.com/LeonLow97/internal/transactions/repo.go:46.83,50.78 3 1
github.com/LeonLow97/internal/transactions/repo.go:56.2,56.19 1 1
github.com/LeonLow97/internal/transactions/repo.go:50.78,51.27 1 1
github.com/LeonLow97/internal/transactions/repo.go:54.3,54.103 1 1
github.com/LeonLow97/internal/transactions/repo.go:51.27,53.4 1 1
github.com/LeonLow97/internal/transactions/repo.go:60.95,64.85 3 1
github.com/LeonLow97/internal/transactions/repo.go:71.2,71.20 1 1
github.com/LeonLow97/internal/transactions/repo.go:64.85,65.27 1 1
github.com/LeonLow97/internal/transactions/repo.go:68.3,68.106 1 1
github.com/LeonLow97/internal/transactions/repo.go:65.27,67.4 1 1
github.com/LeonLow97/internal/transactions/repo.go:74.110,80.93 3 1
github.com/LeonLow97/internal/transactions/repo.go:87.2,87.19 1 1
github.com/LeonLow97/internal/transactions/repo.go:80.93,81.27 1 1
github.com/LeonLow97/internal/transactions/repo.go:84.3,84.115 1 1
github.com/LeonLow97/internal/transactions/repo.go:81.27,83.4 1 1
github.com/LeonLow97/internal/transactions/repo.go:90.124,97.91 3 1
github.com/LeonLow97/internal/transactions/repo.go:104.2,104.23 1 1
github.com/LeonLow97/internal/transactions/repo.go:97.91,98.27 1 1
github.com/LeonLow97/internal/transactions/repo.go:101.3,101.113 1 1
github.com/LeonLow97/internal/transactions/repo.go:98.27,100.4 1 1
github.com/LeonLow97/internal/transactions/repo.go:108.113,115.84 4 1
github.com/LeonLow97/internal/transactions/repo.go:122.2,122.26 1 1
github.com/LeonLow97/internal/transactions/repo.go:115.84,116.27 1 1
github.com/LeonLow97/internal/transactions/repo.go:119.3,119.117 1 1
github.com/LeonLow97/internal/transactions/repo.go:116.27,118.4 1 1
github.com/LeonLow97/internal/transactions/repo.go:126.102,132.81 3 1
github.com/LeonLow97/internal/transactions/repo.go:139.2,139.21 1 1
github.com/LeonLow97/internal/transactions/repo.go:132.81,133.27 1 1
github.com/LeonLow97/internal/transactions/repo.go:136.3,136.103 1 1
github.com/LeonLow97/internal/transactions/repo.go:133.27,135.4 1 1
github.com/LeonLow97/internal/transactions/repo.go:143.111,149.16 3 1
github.com/LeonLow97/internal/transactions/repo.go:153.2,153.12 1 1
github.com/LeonLow97/internal/transactions/repo.go:149.16,151.3 1 1
github.com/LeonLow97/internal/transactions/repo.go:157.110,176.16 3 1
github.com/LeonLow97/internal/transactions/repo.go:180.2,180.12 1 1
github.com/LeonLow97/internal/transactions/repo.go:176.16,178.3 1 1
github.com/LeonLow97/internal/transactions/repo.go:184.91,189.78 3 1
github.com/LeonLow97/internal/transactions/repo.go:193.2,193.19 1 1
github.com/LeonLow97/internal/transactions/repo.go:189.78,191.3 1 1
github.com/LeonLow97/internal/transactions/repo.go:197.114,224.16 4 1
github.com/LeonLow97/internal/transactions/repo.go:227.2,229.18 2 1
github.com/LeonLow97/internal/transactions/repo.go:252.2,252.34 1 1
github.com/LeonLow97/internal/transactions/repo.go:256.2,256.27 1 1
github.com/LeonLow97/internal/transactions/repo.go:224.16,226.3 1 1
github.com/LeonLow97/internal/transactions/repo.go:229.18,245.17 2 1
github.com/LeonLow97/internal/transactions/repo.go:249.3,249.77 1 1
github.com/LeonLow97/internal/transactions/repo.go:245.17,247.4 1 0
github.com/LeonLow97/internal/transactions/repo.go:252.34,254.3 1 0
github.com/LeonLow97/internal/transactions/service.go:21.42,25.2 1 1
github.com/LeonLow97/internal/transactions/service.go:28.118,30.14 1 1
github.com/LeonLow97/internal/transactions/service.go:34.2,38.16 3 1
github.com/LeonLow97/internal/transactions/service.go:42.2,45.16 3 1
github.com/LeonLow97/internal/transactions/service.go:50.2,51.16 2 1
github.com/LeonLow97/internal/transactions/service.go:55.2,55.50 1 1
github.com/LeonLow97/internal/transactions/service.go:30.14,32.3 1 1
github.com/LeonLow97/internal/transactions/service.go:38.16,40.3 1 1
github.com/LeonLow97/internal/transactions/service.go:45.16,48.3 1 1
github.com/LeonLow97/internal/transactions/service.go:51.16,53.3 1 1
github.com/LeonLow97/internal/transactions/service.go:58.108,59.47 1 0
github.com/LeonLow97/internal/transactions/service.go:62.2,62.119 1 0
github.com/LeonLow97/internal/transactions/service.go:65.2,65.78 1 0
github.com/LeonLow97/internal/transactions/service.go:70.2,75.16 4 0
github.com/LeonLow97/internal/transactions/service.go:78.2,78.20 1 0
github.com/LeonLow97/internal/transactions/service.go:83.2,84.16 2 0
github.com/LeonLow97/internal/transactions/service.go:87.2,87.24 1 0
github.com/LeonLow97/internal/transactions/service.go:90.2,90.29 1 0
github.com/LeonLow97/internal/transactions/service.go:95.2,96.16 2 0
github.com/LeonLow97/internal/transactions/service.go:99.2,99.19 1 0
github.com/LeonLow97/internal/transactions/service.go:104.2,106.16 3 0
github.com/LeonLow97/internal/transactions/service.go:110.2,110.15 1 0
github.com/LeonLow97/internal/transactions/service.go:123.2,126.16 4 0
github.com/LeonLow97/internal/transactions/service.go:131.2,131.44 1 0
github.com/LeonLow97/internal/transactions/service.go:137.2,138.16 2 0
github.com/LeonLow97/internal/transactions/service.go:141.2,141.16 1 0
github.com/LeonLow97/internal/transactions/service.go:145.2,146.16 2 0
github.com/LeonLow97/internal/transactions/service.go:149.2,149.49 1 0
github.com/LeonLow97/internal/transactions/service.go:153.2,154.16 2 0
github.com/LeonLow97/internal/transactions/service.go:159.2,160.44 2 0
github.com/LeonLow97/internal/transactions/service.go:166.2,168.16 3 0
github.com/LeonLow97/internal/transactions/service.go:172.2,174.16 3 0
github.com/LeonLow97/internal/transactions/service.go:179.2,207.16 4 0
github.com/LeonLow97/internal/transactions/service.go:211.2,212.16 2 0
github.com/LeonLow97/internal/transactions/service.go:216.2,216.12 1 0
github.com/LeonLow97/internal/transactions/service.go:59.47,61.3 1 0
github.com/LeonLow97/internal/transactions/service.go:62.119,64.3 1 0
github.com/LeonLow97/internal/transactions/service.go:65.78,67.3 1 0
github.com/LeonLow97/internal/transactions/service.go:75.16,77.3 1 0
github.com/LeonLow97/internal/transactions/service.go:78.20,80.3 1 0
github.com/LeonLow97/internal/transactions/service.go:84.16,86.3 1 0
github.com/LeonLow97/internal/transactions/service.go:87.24,89.3 1 0
github.com/LeonLow97/internal/transactions/service.go:90.29,92.3 1 0
github.com/LeonLow97/internal/transactions/service.go:96.16,98.3 1 0
github.com/LeonLow97/internal/transactions/service.go:99.19,101.3 1 0
github.com/LeonLow97/internal/transactions/service.go:106.16,108.3 1 0
github.com/LeonLow97/internal/transactions/service.go:110.15,111.17 1 0
github.com/LeonLow97/internal/transactions/service.go:115.3,116.17 2 0
github.com/LeonLow97/internal/transactions/service.go:111.17,114.4 2 0
github.com/LeonLow97/internal/transactions/service.go:116.17,118.4 1 0
github.com/LeonLow97/internal/transactions/service.go:126.16,128.3 1 0
github.com/LeonLow97/internal/transactions/service.go:131.44,133.3 1 0
github.com/LeonLow97/internal/transactions/service.go:138.16,140.3 1 0
github.com/LeonLow97/internal/transactions/service.go:141.16,143.3 1 0
github.com/LeonLow97/internal/transactions/service.go:146.16,148.3 1 0
github.com/LeonLow97/internal/transactions/service.go:149.49,151.3 1 0
github.com/LeonLow97/internal/transactions/service.go:154.16,156.3 1 0
github.com/LeonLow97/internal/transactions/service.go:160.44,162.3 1 0
github.com/LeonLow97/internal/transactions/service.go:168.16,170.3 1 0
github.com/LeonLow97/internal/transactions/service.go:174.16,176.3 1 0
github.com/LeonLow97/internal/transactions/service.go:207.16,209.3 1 0
github.com/LeonLow97/internal/transactions/service.go:212.16,214.3 1 0
github.com/LeonLow97/internal/transactions/service_mockdb.go:15.37,17.2 1 0
github.com/LeonLow97/internal/transactions/service_mockdb.go:19.87,22.2 2 0
github.com/LeonLow97/internal/transactions/service_mockdb.go:24.99,27.2 2 0
github.com/LeonLow97/internal/transactions/service_mockdb.go:29.114,32.2 2 0
github.com/LeonLow97/internal/transactions/service_mockdb.go:34.128,37.2 2 0
github.com/LeonLow97/internal/transactions/service_mockdb.go:39.117,42.2 2 0
github.com/LeonLow97/internal/transactions/service_mockdb.go:44.106,47.2 2 0
github.com/LeonLow97/internal/transactions/service_mockdb.go:49.115,52.2 2 0
github.com/LeonLow97/internal/transactions/service_mockdb.go:54.114,57.2 2 0
github.com/LeonLow97/internal/transactions/service_mockdb.go:59.95,62.2 2 1
github.com/LeonLow97/internal/transactions/service_mockdb.go:64.118,69.46 3 1
github.com/LeonLow97/internal/transactions/service_mockdb.go:73.2,73.36 1 1
github.com/LeonLow97/internal/transactions/service_mockdb.go:69.46,71.3 1 1
github.com/LeonLow97/internal/transactions/handlers.go:16.68,20.2 1 1
github.com/LeonLow97/internal/transactions/handlers.go:23.85,33.16 5 1
github.com/LeonLow97/internal/transactions/handlers.go:39.2,40.16 2 1
github.com/LeonLow97/internal/transactions/handlers.go:46.2,47.16 2 1
github.com/LeonLow97/internal/transactions/handlers.go:53.2,53.132 1 1
github.com/LeonLow97/internal/transactions/handlers.go:33.16,37.3 3 1
github.com/LeonLow97/internal/transactions/handlers.go:40.16,44.3 3 1
github.com/LeonLow97/internal/transactions/handlers.go:47.16,51.3 3 1
github.com/LeonLow97/internal/transactions/handlers.go:57.87,62.16 3 1
github.com/LeonLow97/internal/transactions/handlers.go:68.2,72.16 3 1
github.com/LeonLow97/internal/transactions/handlers.go:78.2,78.99 1 1
github.com/LeonLow97/internal/transactions/handlers.go:62.16,66.3 3 1
github.com/LeonLow97/internal/transactions/handlers.go:72.16,76.3 3 1
github.com/LeonLow97/internal/transactions/helpers.go:10.40,15.2 2 1
github.com/LeonLow97/internal/transactions/helpers.go:17.50,19.23 2 1
github.com/LeonLow97/internal/transactions/helpers.go:22.2,22.12 1 1
github.com/LeonLow97/internal/transactions/helpers.go:19.23,21.3 1 1
