mode: set
github.com/LeonLow97/internal/auth/repo.go:17.41,21.2 1 1
github.com/LeonLow97/internal/auth/repo.go:23.83,38.16 5 1
github.com/LeonLow97/internal/auth/repo.go:41.2,41.19 1 1
github.com/LeonLow97/internal/auth/repo.go:38.16,40.3 1 1
github.com/LeonLow97/internal/auth/service.go:18.42,22.2 1 1
github.com/LeonLow97/internal/auth/service.go:24.89,27.16 2 1
github.com/LeonLow97/internal/auth/service.go:33.2,34.16 2 1
github.com/LeonLow97/internal/auth/service.go:38.2,38.20 1 1
github.com/LeonLow97/internal/auth/service.go:44.2,44.22 1 1
github.com/LeonLow97/internal/auth/service.go:49.2,50.16 2 1
github.com/LeonLow97/internal/auth/service.go:54.2,54.25 1 1
github.com/LeonLow97/internal/auth/service.go:27.16,30.3 2 1
github.com/LeonLow97/internal/auth/service.go:34.16,37.3 2 0
github.com/LeonLow97/internal/auth/service.go:38.20,41.3 2 1
github.com/LeonLow97/internal/auth/service.go:44.22,46.3 1 1
github.com/LeonLow97/internal/auth/service.go:50.16,52.3 1 0
github.com/LeonLow97/internal/auth/handlers.go:14.54,18.2 1 0
github.com/LeonLow97/internal/auth/handlers.go:22.68,26.16 3 1
github.com/LeonLow97/internal/auth/handlers.go:33.2,34.16 2 1
github.com/LeonLow97/internal/auth/handlers.go:40.2,41.75 2 1
github.com/LeonLow97/internal/auth/handlers.go:26.16,30.3 3 0
github.com/LeonLow97/internal/auth/handlers.go:34.16,38.3 3 0
github.com/LeonLow97/internal/auth/helpers.go:18.91,29.21 8 1
github.com/LeonLow97/internal/auth/helpers.go:34.2,38.16 3 1
github.com/LeonLow97/internal/auth/helpers.go:43.2,51.16 6 1
github.com/LeonLow97/internal/auth/helpers.go:55.2,60.21 2 1
github.com/LeonLow97/internal/auth/helpers.go:29.21,31.3 1 1
github.com/LeonLow97/internal/auth/helpers.go:38.16,40.3 1 0
github.com/LeonLow97/internal/auth/helpers.go:51.16,53.3 1 0
github.com/LeonLow97/internal/auth/helpers.go:66.71,69.16 2 1
github.com/LeonLow97/internal/auth/helpers.go:79.2,79.18 1 1
github.com/LeonLow97/internal/auth/helpers.go:69.16,70.10 1 1
github.com/LeonLow97/internal/auth/helpers.go:71.60,73.21 1 1
github.com/LeonLow97/internal/auth/helpers.go:74.11,75.65 1 1
github.com/LeonLow97/internal/auth/mockDbRepo.go:14.87,21.18 2 0
github.com/LeonLow97/internal/auth/mockDbRepo.go:31.2,31.17 1 0
github.com/LeonLow97/internal/auth/mockDbRepo.go:22.19,23.20 1 0
github.com/LeonLow97/internal/auth/mockDbRepo.go:24.25,25.46 1 0
github.com/LeonLow97/internal/auth/mockDbRepo.go:26.22,28.20 2 0
