mode: set
github.com/LeonLow97/internal/auth/handlers.go:14.54,18.2 1 0
github.com/LeonLow97/internal/auth/handlers.go:22.68,26.16 3 1
github.com/LeonLow97/internal/auth/handlers.go:33.2,34.16 2 1
github.com/LeonLow97/internal/auth/handlers.go:40.2,41.75 2 1
github.com/LeonLow97/internal/auth/handlers.go:26.16,30.3 3 0
github.com/LeonLow97/internal/auth/handlers.go:34.16,38.3 3 0
github.com/LeonLow97/internal/auth/mockDbRepo.go:14.87,21.18 2 1
github.com/LeonLow97/internal/auth/mockDbRepo.go:28.2,28.17 1 0
github.com/LeonLow97/internal/auth/mockDbRepo.go:22.19,23.20 1 1
github.com/LeonLow97/internal/auth/mockDbRepo.go:24.25,25.46 1 1
github.com/LeonLow97/internal/auth/repo.go:17.41,21.2 1 0
github.com/LeonLow97/internal/auth/repo.go:23.83,38.16 5 0
github.com/LeonLow97/internal/auth/repo.go:41.2,41.19 1 0
github.com/LeonLow97/internal/auth/repo.go:38.16,40.3 1 0
github.com/LeonLow97/internal/auth/service.go:27.42,31.2 1 0
github.com/LeonLow97/internal/auth/service.go:33.89,36.16 2 1
github.com/LeonLow97/internal/auth/service.go:42.2,43.16 2 1
github.com/LeonLow97/internal/auth/service.go:47.2,47.20 1 1
github.com/LeonLow97/internal/auth/service.go:53.2,53.22 1 1
github.com/LeonLow97/internal/auth/service.go:58.2,59.16 2 1
github.com/LeonLow97/internal/auth/service.go:63.2,63.25 1 1
github.com/LeonLow97/internal/auth/service.go:36.16,39.3 2 1
github.com/LeonLow97/internal/auth/service.go:43.16,46.3 2 0
github.com/LeonLow97/internal/auth/service.go:47.20,50.3 2 1
github.com/LeonLow97/internal/auth/service.go:53.22,55.3 1 0
github.com/LeonLow97/internal/auth/service.go:59.16,61.3 1 0
github.com/LeonLow97/internal/auth/service.go:67.91,78.21 8 1
github.com/LeonLow97/internal/auth/service.go:83.2,87.16 3 1
github.com/LeonLow97/internal/auth/service.go:92.2,100.16 6 1
github.com/LeonLow97/internal/auth/service.go:104.2,109.21 2 1
github.com/LeonLow97/internal/auth/service.go:78.21,80.3 1 0
github.com/LeonLow97/internal/auth/service.go:87.16,89.3 1 0
github.com/LeonLow97/internal/auth/service.go:100.16,102.3 1 0
github.com/LeonLow97/internal/auth/service.go:115.71,118.16 2 1
github.com/LeonLow97/internal/auth/service.go:128.2,128.18 1 1
github.com/LeonLow97/internal/auth/service.go:118.16,119.10 1 1
github.com/LeonLow97/internal/auth/service.go:120.60,122.21 1 1
github.com/LeonLow97/internal/auth/service.go:123.11,124.65 1 0
